2025-04-19 15:09:57,526 - EnhancedRansomwareDetector - INFO - Initializing EnhancedRansomwareDetector v1.0.0
2025-04-19 15:09:57,526 - EnhancedRansomwareDetector - WARNING - No model found at ./models\ransomware_model.pkl
2025-04-19 15:14:28,145 - EnhancedRansomwareDetector - INFO - Initializing EnhancedRansomwareDetector v1.0.0
2025-04-19 15:14:28,145 - EnhancedRansomwareDetector - WARNING - No model found at ./backend/ai_ml/models\ransomware_model.pkl
2025-04-19 15:14:28,145 - EnhancedRansomwareDetector - INFO - Loading dataset from ransomware_dataset.csv
2025-04-19 15:14:28,374 - EnhancedRansomwareDetector - INFO - Dataset shape: (62485, 18)
2025-04-19 15:14:28,374 - EnhancedRansomwareDetector - INFO - Dataset columns: ['FileName', 'md5Hash', 'Machine', 'DebugSize', 'DebugRVA', 'MajorImageVersion', 'MajorOSVersion', 'ExportRVA', 'ExportSize', 'IatVRA', 'MajorLinkerVersion', 'MinorLinkerVersion', 'NumberOfSections', 'SizeOfStackReserve', 'DllCharacteristics', 'ResourceSize', 'BitcoinAddresses', 'Benign']
2025-04-19 15:14:28,407 - EnhancedRansomwareDetector - INFO - Dataset distribution: Benign=27118, Malicious=35367
2025-04-19 15:14:28,407 - EnhancedRansomwareDetector - INFO - Dataset loaded successfully: 62485 samples, 15 features
2025-04-19 15:14:28,407 - EnhancedRansomwareDetector - INFO - Starting model training
2025-04-19 15:15:13,375 - EnhancedRansomwareDetector - INFO - Model training completed successfully
2025-04-19 15:15:13,375 - EnhancedRansomwareDetector - INFO - Model accuracy: 0.9964
2025-04-19 15:15:13,375 - EnhancedRansomwareDetector - INFO - Model precision: 0.9963
2025-04-19 15:15:13,375 - EnhancedRansomwareDetector - INFO - Model recall: 0.9954
2025-04-19 15:15:13,375 - EnhancedRansomwareDetector - INFO - Model F1 score: 0.9958
2025-04-19 15:15:13,375 - EnhancedRansomwareDetector - INFO - Model AUC: 0.9998
2025-04-19 15:15:13,390 - EnhancedRansomwareDetector - INFO - Top 5 important features:
2025-04-19 15:15:13,391 - EnhancedRansomwareDetector - INFO -   DebugSize: 0.4485
2025-04-19 15:15:13,391 - EnhancedRansomwareDetector - INFO -   DllCharacteristics: 0.3126
2025-04-19 15:15:13,391 - EnhancedRansomwareDetector - INFO -   ResourceSize: 0.0738
2025-04-19 15:15:13,391 - EnhancedRansomwareDetector - INFO -   Machine: 0.0601
2025-04-19 15:15:13,391 - EnhancedRansomwareDetector - INFO -   MajorOSVersion: 0.0320
2025-04-19 15:15:13,413 - EnhancedRansomwareDetector - INFO - Model saved to ./backend/ai_ml/models\ransomware_model.pkl
2025-04-19 15:15:13,413 - EnhancedRansomwareDetector - INFO - Scaler saved to ./backend/ai_ml/models\ransomware_scaler.pkl
2025-04-19 15:15:13,420 - EnhancedRansomwareDetector - INFO - Feature names saved to ./backend/ai_ml/models\feature_names.json
2025-04-19 17:13:46,777 - EnhancedRansomwareDetector - INFO - Initializing EnhancedRansomwareDetector v1.0.0
2025-04-19 17:13:46,818 - EnhancedRansomwareDetector - INFO - Model loaded from D:\CyberSecurity_CP\ransomware_detection_framework-main\ransomware_detection_framework-main\backend\ai_ml\ransomware_model.pkl
2025-04-19 17:14:18,790 - EnhancedRansomwareDetector - WARNING - No feature names available - using default features
2025-04-19 17:14:18,790 - EnhancedRansomwareDetector - ERROR - Prediction error: The truth value of an array with more than one element is ambiguous. Use a.any() or a.all()
2025-04-19 17:14:27,905 - EnhancedRansomwareDetector - ERROR - Prediction error: The truth value of an array with more than one element is ambiguous. Use a.any() or a.all()
2025-04-19 17:14:39,698 - EnhancedRansomwareDetector - ERROR - Prediction error: The truth value of an array with more than one element is ambiguous. Use a.any() or a.all()
2025-04-19 17:14:45,335 - EnhancedRansomwareDetector - ERROR - Prediction error: The truth value of an array with more than one element is ambiguous. Use a.any() or a.all()
2025-04-19 17:14:50,461 - EnhancedRansomwareDetector - ERROR - Prediction error: The truth value of an array with more than one element is ambiguous. Use a.any() or a.all()
2025-04-19 17:14:55,941 - EnhancedRansomwareDetector - ERROR - Error extracting static features: [Errno 22] Invalid argument: 'C:\\Users\\darek\\AppData\\Local\\Temp\\tmpfsmvhzre\\suspicious_commands.bat'
2025-04-19 17:14:55,941 - EnhancedRansomwareDetector - ERROR - Error calculating hash for C:\Users\darek\AppData\Local\Temp\tmpfsmvhzre\suspicious_commands.bat: [Errno 22] Invalid argument: 'C:\\Users\\darek\\AppData\\Local\\Temp\\tmpfsmvhzre\\suspicious_commands.bat'
2025-04-19 17:14:55,941 - EnhancedRansomwareDetector - ERROR - Prediction error: The truth value of an array with more than one element is ambiguous. Use a.any() or a.all()
2025-04-19 17:15:07,591 - EnhancedRansomwareDetector - ERROR - Prediction error: The truth value of an array with more than one element is ambiguous. Use a.any() or a.all()
2025-04-19 17:15:15,659 - EnhancedRansomwareDetector - ERROR - Prediction error: The truth value of an array with more than one element is ambiguous. Use a.any() or a.all()
2025-04-19 18:09:33,312 - EnhancedRansomwareDetector - INFO - Initializing EnhancedRansomwareDetector v1.1.0
2025-04-19 18:09:33,312 - EnhancedRansomwareDetector - INFO - Model loaded from D:\CyberSecurity_CP\ransomware_detection_framework-main\ransomware_detection_framework-main\backend\ai_ml\ransomware_model.pkl
2025-04-19 18:09:33,312 - EnhancedRansomwareDetector - WARNING - Feature names file not found, using default feature set
2025-04-19 18:23:01,109 - EnhancedRansomwareDetector - INFO - Initializing EnhancedRansomwareDetector v1.1.0
2025-04-19 18:23:01,109 - EnhancedRansomwareDetector - INFO - Model loaded from D:\CyberSecurity_CP\ransomware_detection_framework-main\ransomware_detection_framework-main\backend\ai_ml\ransomware_model.pkl
2025-04-19 18:23:01,109 - EnhancedRansomwareDetector - WARNING - Feature names file not found, using default feature set
2025-04-19 22:31:59,308 - EnhancedRansomwareDetector - INFO - Initializing EnhancedRansomwareDetector v1.1.0
2025-04-19 22:31:59,308 - EnhancedRansomwareDetector - INFO - Model loaded from D:\CyberSecurity_CP\ransomware_detection_framework-main\ransomware_detection_framework-main\backend\ai_ml\ransomware_model.pkl
2025-04-19 22:31:59,308 - EnhancedRansomwareDetector - WARNING - Feature names file not found, using default feature set
2025-04-20 10:42:56,425 - EnhancedRansomwareDetector - INFO - Initializing EnhancedRansomwareDetector v1.2.0
2025-04-20 10:42:56,425 - EnhancedRansomwareDetector - INFO - Model loaded from D:\CyberSecurity_CP\ransomware_detection_framework-main\ransomware_detection_framework-main\backend\ai_ml\ransomware_model.pkl
2025-04-20 10:42:56,425 - EnhancedRansomwareDetector - WARNING - Feature names file not found, using default feature set
2025-04-20 10:45:30,496 - EnhancedRansomwareDetector - INFO - Initializing EnhancedRansomwareDetector v1.2.0
2025-04-20 10:45:30,496 - EnhancedRansomwareDetector - INFO - Model loaded from D:\CyberSecurity_CP\ransomware_detection_framework-main\ransomware_detection_framework-main\backend\ai_ml\ransomware_model.pkl
2025-04-20 10:45:30,496 - EnhancedRansomwareDetector - WARNING - Feature names file not found, using default feature set
2025-04-20 11:05:19,642 - EnhancedRansomwareDetector - INFO - Initializing EnhancedRansomwareDetector v1.2.0
2025-04-20 11:05:19,658 - EnhancedRansomwareDetector - INFO - Model loaded from D:\CyberSecurity_CP\ransomware_detection_framework-main\ransomware_detection_framework-main\backend\ai_ml\ransomware_model.pkl
2025-04-20 11:05:19,658 - EnhancedRansomwareDetector - WARNING - Feature names file not found, using default feature set
2025-04-20 11:05:23,339 - EnhancedRansomwareDetector - INFO - Initializing EnhancedRansomwareDetector v1.2.0
2025-04-20 11:05:23,351 - EnhancedRansomwareDetector - INFO - Model loaded from D:\CyberSecurity_CP\ransomware_detection_framework-main\ransomware_detection_framework-main\backend\ai_ml\ransomware_model.pkl
2025-04-20 11:05:23,352 - EnhancedRansomwareDetector - WARNING - Feature names file not found, using default feature set
2025-04-20 11:09:48,549 - EnhancedRansomwareDetector - INFO - Initializing EnhancedRansomwareDetector v1.2.0
2025-04-20 11:09:48,552 - EnhancedRansomwareDetector - INFO - Model loaded from D:\CyberSecurity_CP\ransomware_detection_framework-main\ransomware_detection_framework-main\backend\ai_ml\ransomware_model.pkl
2025-04-20 11:09:48,552 - EnhancedRansomwareDetector - WARNING - Feature names file not found, using default feature set
2025-04-20 11:09:53,131 - EnhancedRansomwareDetector - INFO - Initializing EnhancedRansomwareDetector v1.2.0
2025-04-20 11:09:53,138 - EnhancedRansomwareDetector - INFO - Model loaded from D:\CyberSecurity_CP\ransomware_detection_framework-main\ransomware_detection_framework-main\backend\ai_ml\ransomware_model.pkl
2025-04-20 11:09:53,139 - EnhancedRansomwareDetector - WARNING - Feature names file not found, using default feature set
2025-04-20 11:10:42,048 - EnhancedRansomwareDetector - WARNING - Scaling error, using unscaled features
2025-04-20 11:10:42,048 - EnhancedRansomwareDetector - ERROR - Model prediction error: 'numpy.ndarray' object has no attribute 'predict'
2025-04-20 11:10:42,048 - EnhancedRansomwareDetector - ERROR - Error during heuristic fallback: 'EnhancedRansomwareDetector' object has no attribute '_heuristic_prediction'
2025-04-20 11:10:42,084 - EnhancedRansomwareDetector - WARNING - Scaling error, using unscaled features
2025-04-20 11:10:42,084 - EnhancedRansomwareDetector - ERROR - Model prediction error: 'numpy.ndarray' object has no attribute 'predict'
2025-04-20 11:10:42,084 - EnhancedRansomwareDetector - ERROR - Error during heuristic fallback: 'EnhancedRansomwareDetector' object has no attribute '_heuristic_prediction'
2025-04-20 11:10:52,760 - EnhancedRansomwareDetector - WARNING - Scaling error, using unscaled features
2025-04-20 11:10:52,761 - EnhancedRansomwareDetector - ERROR - Model prediction error: 'numpy.ndarray' object has no attribute 'predict'
2025-04-20 11:10:52,761 - EnhancedRansomwareDetector - ERROR - Error during heuristic fallback: 'EnhancedRansomwareDetector' object has no attribute '_heuristic_prediction'
2025-04-20 11:10:52,784 - EnhancedRansomwareDetector - WARNING - Scaling error, using unscaled features
2025-04-20 11:10:52,785 - EnhancedRansomwareDetector - ERROR - Model prediction error: 'numpy.ndarray' object has no attribute 'predict'
2025-04-20 11:10:52,785 - EnhancedRansomwareDetector - ERROR - Error during heuristic fallback: 'EnhancedRansomwareDetector' object has no attribute '_heuristic_prediction'
2025-04-20 11:10:58,769 - EnhancedRansomwareDetector - WARNING - Scaling error, using unscaled features
2025-04-20 11:10:58,770 - EnhancedRansomwareDetector - ERROR - Model prediction error: 'numpy.ndarray' object has no attribute 'predict'
2025-04-20 11:10:58,770 - EnhancedRansomwareDetector - ERROR - Error during heuristic fallback: 'EnhancedRansomwareDetector' object has no attribute '_heuristic_prediction'
2025-04-20 11:10:58,792 - EnhancedRansomwareDetector - WARNING - Scaling error, using unscaled features
2025-04-20 11:10:58,793 - EnhancedRansomwareDetector - ERROR - Model prediction error: 'numpy.ndarray' object has no attribute 'predict'
2025-04-20 11:10:58,793 - EnhancedRansomwareDetector - ERROR - Error during heuristic fallback: 'EnhancedRansomwareDetector' object has no attribute '_heuristic_prediction'
2025-04-20 11:11:05,615 - EnhancedRansomwareDetector - WARNING - Scaling error, using unscaled features
2025-04-20 11:11:05,615 - EnhancedRansomwareDetector - ERROR - Model prediction error: 'numpy.ndarray' object has no attribute 'predict'
2025-04-20 11:11:05,615 - EnhancedRansomwareDetector - ERROR - Error during heuristic fallback: 'EnhancedRansomwareDetector' object has no attribute '_heuristic_prediction'
2025-04-20 11:11:05,641 - EnhancedRansomwareDetector - WARNING - Scaling error, using unscaled features
2025-04-20 11:11:05,641 - EnhancedRansomwareDetector - ERROR - Model prediction error: 'numpy.ndarray' object has no attribute 'predict'
2025-04-20 11:11:05,641 - EnhancedRansomwareDetector - ERROR - Error during heuristic fallback: 'EnhancedRansomwareDetector' object has no attribute '_heuristic_prediction'
2025-04-20 11:11:10,639 - EnhancedRansomwareDetector - WARNING - Scaling error, using unscaled features
2025-04-20 11:11:10,639 - EnhancedRansomwareDetector - ERROR - Model prediction error: 'numpy.ndarray' object has no attribute 'predict'
2025-04-20 11:11:10,639 - EnhancedRansomwareDetector - ERROR - Error during heuristic fallback: 'EnhancedRansomwareDetector' object has no attribute '_heuristic_prediction'
2025-04-20 11:11:10,671 - EnhancedRansomwareDetector - WARNING - Scaling error, using unscaled features
2025-04-20 11:11:10,674 - EnhancedRansomwareDetector - ERROR - Model prediction error: 'numpy.ndarray' object has no attribute 'predict'
2025-04-20 11:11:10,675 - EnhancedRansomwareDetector - ERROR - Error during heuristic fallback: 'EnhancedRansomwareDetector' object has no attribute '_heuristic_prediction'
2025-04-20 11:11:16,645 - EnhancedRansomwareDetector - WARNING - Scaling error, using unscaled features
2025-04-20 11:11:16,645 - EnhancedRansomwareDetector - ERROR - Model prediction error: 'numpy.ndarray' object has no attribute 'predict'
2025-04-20 11:11:16,645 - EnhancedRansomwareDetector - ERROR - Error during heuristic fallback: 'EnhancedRansomwareDetector' object has no attribute '_heuristic_prediction'
2025-04-20 11:11:16,679 - EnhancedRansomwareDetector - WARNING - Scaling error, using unscaled features
2025-04-20 11:11:16,680 - EnhancedRansomwareDetector - ERROR - Model prediction error: 'numpy.ndarray' object has no attribute 'predict'
2025-04-20 11:11:16,680 - EnhancedRansomwareDetector - ERROR - Error during heuristic fallback: 'EnhancedRansomwareDetector' object has no attribute '_heuristic_prediction'
2025-04-20 11:11:21,222 - EnhancedRansomwareDetector - WARNING - Scaling error, using unscaled features
2025-04-20 11:11:21,222 - EnhancedRansomwareDetector - ERROR - Model prediction error: 'numpy.ndarray' object has no attribute 'predict'
2025-04-20 11:11:21,222 - EnhancedRansomwareDetector - ERROR - Error during heuristic fallback: 'EnhancedRansomwareDetector' object has no attribute '_heuristic_prediction'
2025-04-20 11:11:21,257 - EnhancedRansomwareDetector - WARNING - Scaling error, using unscaled features
2025-04-20 11:11:21,258 - EnhancedRansomwareDetector - ERROR - Model prediction error: 'numpy.ndarray' object has no attribute 'predict'
2025-04-20 11:11:21,260 - EnhancedRansomwareDetector - ERROR - Error during heuristic fallback: 'EnhancedRansomwareDetector' object has no attribute '_heuristic_prediction'
2025-04-20 11:11:26,048 - EnhancedRansomwareDetector - WARNING - Scaling error, using unscaled features
2025-04-20 11:11:26,048 - EnhancedRansomwareDetector - ERROR - Model prediction error: 'numpy.ndarray' object has no attribute 'predict'
2025-04-20 11:11:26,048 - EnhancedRansomwareDetector - ERROR - Error during heuristic fallback: 'EnhancedRansomwareDetector' object has no attribute '_heuristic_prediction'
2025-04-20 11:11:26,070 - EnhancedRansomwareDetector - WARNING - Scaling error, using unscaled features
2025-04-20 11:11:26,070 - EnhancedRansomwareDetector - ERROR - Model prediction error: 'numpy.ndarray' object has no attribute 'predict'
2025-04-20 11:11:26,070 - EnhancedRansomwareDetector - ERROR - Error during heuristic fallback: 'EnhancedRansomwareDetector' object has no attribute '_heuristic_prediction'
2025-04-20 11:11:33,810 - EnhancedRansomwareDetector - WARNING - Scaling error, using unscaled features
2025-04-20 11:11:33,810 - EnhancedRansomwareDetector - ERROR - Model prediction error: 'numpy.ndarray' object has no attribute 'predict'
2025-04-20 11:11:33,810 - EnhancedRansomwareDetector - ERROR - Error during heuristic fallback: 'EnhancedRansomwareDetector' object has no attribute '_heuristic_prediction'
2025-04-20 11:11:33,830 - EnhancedRansomwareDetector - WARNING - Scaling error, using unscaled features
2025-04-20 11:11:33,830 - EnhancedRansomwareDetector - ERROR - Model prediction error: 'numpy.ndarray' object has no attribute 'predict'
2025-04-20 11:11:33,830 - EnhancedRansomwareDetector - ERROR - Error during heuristic fallback: 'EnhancedRansomwareDetector' object has no attribute '_heuristic_prediction'
2025-04-20 16:42:45,309 - EnhancedRansomwareDetector - INFO - Initializing EnhancedRansomwareDetector v1.2.0
2025-04-20 16:42:45,315 - EnhancedRansomwareDetector - INFO - Model loaded from D:\CyberSecurity_CP\ransomware_detection_framework-main\ransomware_detection_framework-main\backend\ai_ml\ransomware_model.pkl
2025-04-20 16:42:45,315 - EnhancedRansomwareDetector - WARNING - Feature names file not found, using default feature set
2025-04-20 16:42:49,290 - EnhancedRansomwareDetector - INFO - Initializing EnhancedRansomwareDetector v1.2.0
2025-04-20 16:42:49,296 - EnhancedRansomwareDetector - INFO - Model loaded from D:\CyberSecurity_CP\ransomware_detection_framework-main\ransomware_detection_framework-main\backend\ai_ml\ransomware_model.pkl
2025-04-20 16:42:49,297 - EnhancedRansomwareDetector - WARNING - Feature names file not found, using default feature set
2025-04-20 16:55:10,681 - EnhancedRansomwareDetector - INFO - Initializing EnhancedRansomwareDetector v1.2.0
2025-04-20 16:55:10,693 - EnhancedRansomwareDetector - INFO - Model loaded from D:\CyberSecurity_CP\ransomware_detection_framework-main\ransomware_detection_framework-main\backend\ai_ml\ransomware_model.pkl
2025-04-20 16:55:10,693 - EnhancedRansomwareDetector - WARNING - Feature names file not found, using default feature set
2025-04-20 16:55:15,216 - EnhancedRansomwareDetector - INFO - Initializing EnhancedRansomwareDetector v1.2.0
2025-04-20 16:55:15,217 - EnhancedRansomwareDetector - INFO - Model loaded from D:\CyberSecurity_CP\ransomware_detection_framework-main\ransomware_detection_framework-main\backend\ai_ml\ransomware_model.pkl
2025-04-20 16:55:15,217 - EnhancedRansomwareDetector - WARNING - Feature names file not found, using default feature set
2025-04-20 16:55:25,058 - EnhancedRansomwareDetector - WARNING - Scaling error, using unscaled features
2025-04-20 16:55:25,058 - EnhancedRansomwareDetector - ERROR - Model prediction error: 'numpy.ndarray' object has no attribute 'predict'
2025-04-20 16:55:25,111 - EnhancedRansomwareDetector - WARNING - Scaling error, using unscaled features
2025-04-20 16:55:25,112 - EnhancedRansomwareDetector - ERROR - Model prediction error: 'numpy.ndarray' object has no attribute 'predict'
2025-04-20 16:55:35,496 - EnhancedRansomwareDetector - WARNING - Scaling error, using unscaled features
2025-04-20 16:55:35,496 - EnhancedRansomwareDetector - ERROR - Model prediction error: 'numpy.ndarray' object has no attribute 'predict'
2025-04-20 16:55:35,543 - EnhancedRansomwareDetector - WARNING - Scaling error, using unscaled features
2025-04-20 16:55:35,543 - EnhancedRansomwareDetector - ERROR - Model prediction error: 'numpy.ndarray' object has no attribute 'predict'
2025-04-20 16:56:53,274 - EnhancedRansomwareDetector - WARNING - Scaling error, using unscaled features
2025-04-20 16:56:53,274 - EnhancedRansomwareDetector - ERROR - Model prediction error: 'numpy.ndarray' object has no attribute 'predict'
2025-04-20 16:56:53,314 - EnhancedRansomwareDetector - WARNING - Scaling error, using unscaled features
2025-04-20 16:56:53,314 - EnhancedRansomwareDetector - ERROR - Model prediction error: 'numpy.ndarray' object has no attribute 'predict'
2025-04-20 16:57:16,036 - EnhancedRansomwareDetector - WARNING - Scaling error, using unscaled features
2025-04-20 16:57:16,038 - EnhancedRansomwareDetector - ERROR - Model prediction error: 'numpy.ndarray' object has no attribute 'predict'
2025-04-20 16:57:16,077 - EnhancedRansomwareDetector - WARNING - Scaling error, using unscaled features
2025-04-20 16:57:16,077 - EnhancedRansomwareDetector - ERROR - Model prediction error: 'numpy.ndarray' object has no attribute 'predict'
2025-04-20 16:57:40,712 - EnhancedRansomwareDetector - WARNING - Scaling error, using unscaled features
2025-04-20 16:57:40,712 - EnhancedRansomwareDetector - ERROR - Model prediction error: 'numpy.ndarray' object has no attribute 'predict'
2025-04-20 16:57:40,748 - EnhancedRansomwareDetector - WARNING - Scaling error, using unscaled features
2025-04-20 16:57:40,748 - EnhancedRansomwareDetector - ERROR - Model prediction error: 'numpy.ndarray' object has no attribute 'predict'
2025-04-20 16:59:52,241 - EnhancedRansomwareDetector - INFO - Initializing EnhancedRansomwareDetector v1.2.0
2025-04-20 16:59:52,260 - EnhancedRansomwareDetector - INFO - Model loaded from D:\CyberSecurity_CP\ransomware_detection_framework-main\ransomware_detection_framework-main\backend\ai_ml\ransomware_model.pkl
2025-04-20 16:59:52,265 - EnhancedRansomwareDetector - WARNING - Feature names file not found, using default feature set
2025-04-20 16:59:55,626 - EnhancedRansomwareDetector - WARNING - Scaling error, using unscaled features
2025-04-20 16:59:55,626 - EnhancedRansomwareDetector - ERROR - Model prediction error: 'numpy.ndarray' object has no attribute 'predict'
2025-04-20 16:59:55,667 - EnhancedRansomwareDetector - WARNING - Scaling error, using unscaled features
2025-04-20 16:59:55,667 - EnhancedRansomwareDetector - ERROR - Model prediction error: 'numpy.ndarray' object has no attribute 'predict'
2025-04-20 17:00:07,044 - EnhancedRansomwareDetector - WARNING - Scaling error, using unscaled features
2025-04-20 17:00:07,044 - EnhancedRansomwareDetector - ERROR - Model prediction error: 'numpy.ndarray' object has no attribute 'predict'
2025-04-20 17:00:07,077 - EnhancedRansomwareDetector - WARNING - Scaling error, using unscaled features
2025-04-20 17:00:07,077 - EnhancedRansomwareDetector - ERROR - Model prediction error: 'numpy.ndarray' object has no attribute 'predict'
2025-04-20 17:00:13,532 - EnhancedRansomwareDetector - WARNING - Scaling error, using unscaled features
2025-04-20 17:00:13,532 - EnhancedRansomwareDetector - ERROR - Model prediction error: 'numpy.ndarray' object has no attribute 'predict'
2025-04-20 17:00:13,565 - EnhancedRansomwareDetector - WARNING - Scaling error, using unscaled features
2025-04-20 17:00:13,565 - EnhancedRansomwareDetector - ERROR - Model prediction error: 'numpy.ndarray' object has no attribute 'predict'
2025-04-20 17:01:07,635 - EnhancedRansomwareDetector - INFO - Initializing EnhancedRansomwareDetector v1.2.0
2025-04-20 17:01:07,648 - EnhancedRansomwareDetector - INFO - Model loaded from D:\CyberSecurity_CP\ransomware_detection_framework-main\ransomware_detection_framework-main\backend\ai_ml\ransomware_model.pkl
2025-04-20 17:01:07,648 - EnhancedRansomwareDetector - WARNING - Feature names file not found, using default feature set
2025-04-20 17:12:08,123 - EnhancedRansomwareDetector - INFO - Initializing EnhancedRansomwareDetector v1.2.0
2025-04-20 17:12:08,128 - EnhancedRansomwareDetector - INFO - Model loaded from D:\CyberSecurity_CP\ransomware_detection_framework-main\ransomware_detection_framework-main\backend\ai_ml\ransomware_model.pkl
2025-04-20 17:12:08,128 - EnhancedRansomwareDetector - WARNING - Feature names file not found, using default feature set
2025-04-20 17:12:10,779 - EnhancedRansomwareDetector - INFO - Initializing EnhancedRansomwareDetector v1.2.0
2025-04-20 17:12:10,781 - EnhancedRansomwareDetector - INFO - Model loaded from D:\CyberSecurity_CP\ransomware_detection_framework-main\ransomware_detection_framework-main\backend\ai_ml\ransomware_model.pkl
2025-04-20 17:12:10,782 - EnhancedRansomwareDetector - WARNING - Feature names file not found, using default feature set
2025-04-20 17:12:24,058 - EnhancedRansomwareDetector - WARNING - Scaling error, using unscaled features
2025-04-20 17:12:24,058 - EnhancedRansomwareDetector - ERROR - Model prediction error: 'numpy.ndarray' object has no attribute 'predict'
2025-04-20 17:12:24,072 - EnhancedRansomwareDetector - WARNING - Scaling error, using unscaled features
2025-04-20 17:12:24,072 - EnhancedRansomwareDetector - ERROR - Model prediction error: 'numpy.ndarray' object has no attribute 'predict'
2025-04-20 17:12:44,474 - EnhancedRansomwareDetector - INFO - Initializing EnhancedRansomwareDetector v1.2.0
2025-04-20 17:12:44,478 - EnhancedRansomwareDetector - INFO - Model loaded from D:\CyberSecurity_CP\ransomware_detection_framework-main\ransomware_detection_framework-main\backend\ai_ml\ransomware_model.pkl
2025-04-20 17:12:44,479 - EnhancedRansomwareDetector - WARNING - Feature names file not found, using default feature set
2025-04-20 17:15:01,218 - EnhancedRansomwareDetector - INFO - Initializing EnhancedRansomwareDetector v1.2.0
2025-04-20 17:15:01,224 - EnhancedRansomwareDetector - INFO - Model loaded from D:\CyberSecurity_CP\ransomware_detection_framework-main\ransomware_detection_framework-main\backend\ai_ml\ransomware_model.pkl
2025-04-20 17:15:01,224 - EnhancedRansomwareDetector - WARNING - Feature names file not found, using default feature set
2025-04-20 18:52:53,076 - EnhancedRansomwareDetector - INFO - Initializing EnhancedRansomwareDetector v1.2.0
2025-04-20 18:52:53,082 - EnhancedRansomwareDetector - INFO - Model loaded from D:\CyberSecurity_CP\ransomware_detection_framework-main\ransomware_detection_framework-main\backend\ai_ml\ransomware_model.pkl
2025-04-20 18:52:53,083 - EnhancedRansomwareDetector - WARNING - Feature names file not found, using default feature set
2025-04-20 18:52:55,918 - EnhancedRansomwareDetector - INFO - Initializing EnhancedRansomwareDetector v1.2.0
2025-04-20 18:52:55,934 - EnhancedRansomwareDetector - INFO - Model loaded from D:\CyberSecurity_CP\ransomware_detection_framework-main\ransomware_detection_framework-main\backend\ai_ml\ransomware_model.pkl
2025-04-20 18:52:55,935 - EnhancedRansomwareDetector - WARNING - Feature names file not found, using default feature set
2025-04-20 18:54:06,181 - EnhancedRansomwareDetector - INFO - Initializing EnhancedRansomwareDetector v1.2.0
2025-04-20 18:54:06,181 - EnhancedRansomwareDetector - INFO - Model loaded from D:\CyberSecurity_CP\ransomware_detection_framework-main\ransomware_detection_framework-main\backend\ai_ml\ransomware_model.pkl
2025-04-20 18:54:06,181 - EnhancedRansomwareDetector - WARNING - Feature names file not found, using default feature set
2025-04-20 19:03:44,627 - EnhancedRansomwareDetector - INFO - Initializing EnhancedRansomwareDetector v1.2.0
2025-04-20 19:03:44,627 - EnhancedRansomwareDetector - INFO - Model loaded from D:\CyberSecurity_CP\ransomware_detection_framework-main\ransomware_detection_framework-main\backend\ai_ml\ransomware_model.pkl
2025-04-20 19:03:44,627 - EnhancedRansomwareDetector - WARNING - Feature names file not found, using default feature set
2025-04-20 19:03:47,137 - EnhancedRansomwareDetector - INFO - Initializing EnhancedRansomwareDetector v1.2.0
2025-04-20 19:03:47,139 - EnhancedRansomwareDetector - INFO - Model loaded from D:\CyberSecurity_CP\ransomware_detection_framework-main\ransomware_detection_framework-main\backend\ai_ml\ransomware_model.pkl
2025-04-20 19:03:47,140 - EnhancedRansomwareDetector - WARNING - Feature names file not found, using default feature set
2025-04-20 19:03:57,373 - EnhancedRansomwareDetector - WARNING - Scaling error, using unscaled features
2025-04-20 19:03:57,388 - EnhancedRansomwareDetector - ERROR - Model prediction error: 'numpy.ndarray' object has no attribute 'predict'
2025-04-20 19:03:57,426 - EnhancedRansomwareDetector - WARNING - Scaling error, using unscaled features
2025-04-20 19:03:57,426 - EnhancedRansomwareDetector - ERROR - Model prediction error: 'numpy.ndarray' object has no attribute 'predict'
2025-04-20 19:04:08,852 - EnhancedRansomwareDetector - WARNING - Scaling error, using unscaled features
2025-04-20 19:04:08,852 - EnhancedRansomwareDetector - ERROR - Model prediction error: 'numpy.ndarray' object has no attribute 'predict'
2025-04-20 19:04:08,882 - EnhancedRansomwareDetector - WARNING - Scaling error, using unscaled features
2025-04-20 19:04:08,882 - EnhancedRansomwareDetector - ERROR - Model prediction error: 'numpy.ndarray' object has no attribute 'predict'
